Historial de acciones del menú.
Acceso a menú.
Consulta de usuarios por NOMBRE.
Historial de acciones del menú.
Acceso a menú.
Consulta de usuarios por NOMBRE.
Historial de acciones del menú.
Acceso a menú.
Consulta de usuarios por NOMBRE.
Acceso a menú.
Consulta del TOTAL DE USUARIOS por Empresa.
Historial de acciones del menú.
Acceso a menú.
Consulta del TOTAL DE USUARIOS por Empresa.
Acceso a menú.
Consulta de TOTAL DE GASTOS por Empresa
Historial de acciones del menú.
Acceso a menú.
Consulta de TOTAL DE GASTOS por Empresa
Historial de acciones del menú.
Acceso a menú.
Consulta de usuario por NÚMERO DE DOCUMENTO.
Historial de acciones del menú.
Acceso a menú.
Consulta de TOTAL DE GASTOS por Empresa
Acceso a menú.
Consulta de TOTAL DE GASTOS por Empresa
Acceso a menú.
Consulta de TOTAL DE GASTOS por Empresa
Acceso a menú.
Consulta de TOTAL DE GASTOS por Empresa
Acceso a menú.
Consulta de TOTAL DE GASTOS por Empresa
Historial de acciones del menú.
Acceso a menú.
Consulta del TOTAL DE USUARIOS por Empresa.
Acceso a menú.
Consulta de usuario por NÚMERO DE DOCUMENTO.
Acceso a menú.
Consulta de usuario por NÚMERO DE DOCUMENTO.
Acceso a menú.
Consulta de TOTAL DE GASTOS por Empresa
Acceso a menú.
Consulta de TOTAL DE GASTOS por Empresa
